2026-04-29 22:05:43 DEBUG UserTests:37 - .....Debugging........
2026-04-29 22:05:43 INFO  UserTests:44 - ************* Creating User ***************
2026-04-29 22:05:46 INFO  UserTests:47 - ************* User is created ***************
2026-04-29 22:05:46 INFO  UserTests:54 - ************* Reading User info ***************
2026-04-29 22:05:48 INFO  UserTests:58 - ************* Reading User info displayed ***************
2026-04-29 22:05:48 INFO  UserTests:66 - ************* Updating  User info ***************
2026-04-29 22:05:50 INFO  UserTests:74 - ************* User is updated ***************
2026-04-29 22:05:51 INFO  UserTests:86 - ************* Deleting  User info ***************
2026-04-29 22:05:53 INFO  UserTests:92 - ************* User is deleted. ***************
2026-04-29 22:08:39 DEBUG UserTests:37 - .....Debugging........
2026-04-29 22:08:39 INFO  UserTests:44 - ************* Creating User ***************
2026-04-29 22:08:41 INFO  UserTests:47 - ************* User is created ***************
2026-04-29 22:08:42 INFO  UserTests:54 - ************* Reading User info ***************
2026-04-29 22:08:43 INFO  UserTests:58 - ************* Reading User info displayed ***************
2026-04-29 22:08:43 INFO  UserTests:66 - ************* Updating  User info ***************
2026-04-29 22:08:45 INFO  UserTests:74 - ************* User is updated ***************
2026-04-29 22:08:46 INFO  UserTests:86 - ************* Deleting  User info ***************
2026-04-29 22:08:48 INFO  UserTests:92 - ************* User is deleted. ***************
2026-04-29 22:14:22 DEBUG PackageRelationshipCollection:307 - Parsing relationship: /xl/_rels/workbook.xml.rels
2026-04-29 22:14:23 DEBUG PackageRelationshipCollection:307 - Parsing relationship: /_rels/.rels
2026-04-29 22:14:23 DEBUG PackageRelationshipCollection:307 - Parsing relationship: /xl/_rels/workbook.xml.rels
2026-04-29 22:14:23 DEBUG PackageRelationshipCollection:307 - Parsing relationship: /_rels/.rels
2026-04-29 22:14:23 DEBUG PackageRelationshipCollection:307 - Parsing relationship: /xl/_rels/workbook.xml.rels
2026-04-29 22:14:23 DEBUG PackageRelationshipCollection:307 - Parsing relationship: /_rels/.rels
2026-04-29 22:14:23 DEBUG PackageRelationshipCollection:307 - Parsing relationship: /xl/_rels/workbook.xml.rels
2026-04-29 22:14:23 DEBUG PackageRelationshipCollection:307 - Parsing relationship: /_rels/.rels
2026-04-29 22:14:23 DEBUG PackageRelationshipCollection:307 - Parsing relationship: /xl/_rels/workbook.xml.rels
2026-04-29 22:14:23 DEBUG PackageRelationshipCollection:307 - Parsing relationship: /_rels/.rels
2026-04-29 22:14:23 DEBUG PackageRelationshipCollection:307 - Parsing relationship: /xl/_rels/workbook.xml.rels
2026-04-29 22:14:23 DEBUG PackageRelationshipCollection:307 - Parsing relationship: /_rels/.rels
2026-04-29 22:14:23 DEBUG PackageRelationshipCollection:307 - Parsing relationship: /xl/_rels/workbook.xml.rels
2026-04-29 22:14:23 DEBUG PackageRelationshipCollection:307 - Parsing relationship: /_rels/.rels
2026-04-29 22:14:23 DEBUG PackageRelationshipCollection:307 - Parsing relationship: /xl/_rels/workbook.xml.rels
2026-04-29 22:14:23 DEBUG PackageRelationshipCollection:307 - Parsing relationship: /_rels/.rels
2026-04-29 22:14:23 DEBUG PackageRelationshipCollection:307 - Parsing relationship: /xl/_rels/workbook.xml.rels
2026-04-29 22:14:23 DEBUG PackageRelationshipCollection:307 - Parsing relationship: /_rels/.rels
2026-04-29 22:14:23 DEBUG PackageRelationshipCollection:307 - Parsing relationship: /xl/_rels/workbook.xml.rels
2026-04-29 22:14:23 DEBUG PackageRelationshipCollection:307 - Parsing relationship: /_rels/.rels
2026-04-29 22:14:23 DEBUG PackageRelationshipCollection:307 - Parsing relationship: /xl/_rels/workbook.xml.rels
2026-04-29 22:14:23 DEBUG PackageRelationshipCollection:307 - Parsing relationship: /_rels/.rels
2026-04-29 22:14:23 DEBUG PackageRelationshipCollection:307 - Parsing relationship: /xl/_rels/workbook.xml.rels
2026-04-29 22:14:23 DEBUG PackageRelationshipCollection:307 - Parsing relationship: /_rels/.rels
2026-04-29 22:14:23 DEBUG PackageRelationshipCollection:307 - Parsing relationship: /xl/_rels/workbook.xml.rels
2026-04-29 22:14:23 DEBUG PackageRelationshipCollection:307 - Parsing relationship: /_rels/.rels
2026-04-29 22:14:23 DEBUG PackageRelationshipCollection:307 - Parsing relationship: /xl/_rels/workbook.xml.rels
2026-04-29 22:14:23 DEBUG PackageRelationshipCollection:307 - Parsing relationship: /_rels/.rels
2026-04-29 22:14:23 DEBUG PackageRelationshipCollection:307 - Parsing relationship: /xl/_rels/workbook.xml.rels
2026-04-29 22:14:23 DEBUG PackageRelationshipCollection:307 - Parsing relationship: /_rels/.rels
2026-04-29 22:14:23 DEBUG PackageRelationshipCollection:307 - Parsing relationship: /xl/_rels/workbook.xml.rels
2026-04-29 22:14:23 DEBUG PackageRelationshipCollection:307 - Parsing relationship: /_rels/.rels
2026-04-29 22:14:23 DEBUG PackageRelationshipCollection:307 - Parsing relationship: /xl/_rels/workbook.xml.rels
2026-04-29 22:14:23 DEBUG PackageRelationshipCollection:307 - Parsing relationship: /_rels/.rels
2026-04-29 22:14:23 DEBUG PackageRelationshipCollection:307 - Parsing relationship: /xl/_rels/workbook.xml.rels
2026-04-29 22:14:23 DEBUG PackageRelationshipCollection:307 - Parsing relationship: /_rels/.rels
2026-04-29 22:14:23 DEBUG PackageRelationshipCollection:307 - Parsing relationship: /xl/_rels/workbook.xml.rels
2026-04-29 22:14:23 DEBUG PackageRelationshipCollection:307 - Parsing relationship: /_rels/.rels
2026-04-29 22:14:23 DEBUG PackageRelationshipCollection:307 - Parsing relationship: /xl/_rels/workbook.xml.rels
2026-04-29 22:14:23 DEBUG PackageRelationshipCollection:307 - Parsing relationship: /_rels/.rels
2026-04-29 22:14:23 DEBUG PackageRelationshipCollection:307 - Parsing relationship: /xl/_rels/workbook.xml.rels
2026-04-29 22:14:23 DEBUG PackageRelationshipCollection:307 - Parsing relationship: /_rels/.rels
2026-04-29 22:14:23 DEBUG PackageRelationshipCollection:307 - Parsing relationship: /xl/_rels/workbook.xml.rels
2026-04-29 22:14:23 DEBUG PackageRelationshipCollection:307 - Parsing relationship: /_rels/.rels
2026-04-29 22:14:23 DEBUG PackageRelationshipCollection:307 - Parsing relationship: /xl/_rels/workbook.xml.rels
2026-04-29 22:14:23 DEBUG PackageRelationshipCollection:307 - Parsing relationship: /_rels/.rels
2026-04-29 22:14:30 DEBUG PackageRelationshipCollection:307 - Parsing relationship: /xl/_rels/workbook.xml.rels
2026-04-29 22:14:30 DEBUG PackageRelationshipCollection:307 - Parsing relationship: /_rels/.rels
2026-04-29 22:14:30 DEBUG PackageRelationshipCollection:307 - Parsing relationship: /xl/_rels/workbook.xml.rels
2026-04-29 22:14:30 DEBUG PackageRelationshipCollection:307 - Parsing relationship: /_rels/.rels
2026-04-29 22:14:30 DEBUG PackageRelationshipCollection:307 - Parsing relationship: /xl/_rels/workbook.xml.rels
2026-04-29 22:14:30 DEBUG PackageRelationshipCollection:307 - Parsing relationship: /_rels/.rels
2026-04-29 22:14:30 DEBUG PackageRelationshipCollection:307 - Parsing relationship: /xl/_rels/workbook.xml.rels
2026-04-29 22:14:30 DEBUG PackageRelationshipCollection:307 - Parsing relationship: /_rels/.rels
2026-04-29 22:14:48 DEBUG UserTests:37 - .....Debugging........
2026-04-29 22:14:48 INFO  UserTests:44 - ************* Creating User ***************
2026-04-29 22:14:50 INFO  UserTests:47 - ************* User is created ***************
2026-04-29 22:14:50 INFO  UserTests:54 - ************* Reading User info ***************
2026-04-29 22:14:51 INFO  UserTests:58 - ************* Reading User info displayed ***************
2026-04-29 22:14:51 INFO  UserTests:66 - ************* Updating  User info ***************
2026-04-29 22:14:52 DEBUG PackageRelationshipCollection:307 - Parsing relationship: /xl/_rels/workbook.xml.rels
2026-04-29 22:14:52 DEBUG PackageRelationshipCollection:307 - Parsing relationship: /_rels/.rels
2026-04-29 22:14:52 DEBUG PackageRelationshipCollection:307 - Parsing relationship: /xl/_rels/workbook.xml.rels
2026-04-29 22:14:52 DEBUG PackageRelationshipCollection:307 - Parsing relationship: /_rels/.rels
2026-04-29 22:14:52 DEBUG PackageRelationshipCollection:307 - Parsing relationship: /xl/_rels/workbook.xml.rels
2026-04-29 22:14:52 DEBUG PackageRelationshipCollection:307 - Parsing relationship: /_rels/.rels
2026-04-29 22:14:52 DEBUG PackageRelationshipCollection:307 - Parsing relationship: /xl/_rels/workbook.xml.rels
2026-04-29 22:14:52 DEBUG PackageRelationshipCollection:307 - Parsing relationship: /_rels/.rels
2026-04-29 22:14:52 DEBUG PackageRelationshipCollection:307 - Parsing relationship: /xl/_rels/workbook.xml.rels
2026-04-29 22:14:52 DEBUG PackageRelationshipCollection:307 - Parsing relationship: /_rels/.rels
2026-04-29 22:14:52 DEBUG PackageRelationshipCollection:307 - Parsing relationship: /xl/_rels/workbook.xml.rels
2026-04-29 22:14:52 DEBUG PackageRelationshipCollection:307 - Parsing relationship: /_rels/.rels
2026-04-29 22:14:52 DEBUG PackageRelationshipCollection:307 - Parsing relationship: /xl/_rels/workbook.xml.rels
2026-04-29 22:14:52 DEBUG PackageRelationshipCollection:307 - Parsing relationship: /_rels/.rels
2026-04-29 22:14:52 DEBUG PackageRelationshipCollection:307 - Parsing relationship: /xl/_rels/workbook.xml.rels
2026-04-29 22:14:52 DEBUG PackageRelationshipCollection:307 - Parsing relationship: /_rels/.rels
2026-04-29 22:14:52 DEBUG PackageRelationshipCollection:307 - Parsing relationship: /xl/_rels/workbook.xml.rels
2026-04-29 22:14:52 DEBUG PackageRelationshipCollection:307 - Parsing relationship: /_rels/.rels
2026-04-29 22:14:52 DEBUG PackageRelationshipCollection:307 - Parsing relationship: /xl/_rels/workbook.xml.rels
2026-04-29 22:14:52 DEBUG PackageRelationshipCollection:307 - Parsing relationship: /_rels/.rels
2026-04-29 22:14:52 DEBUG PackageRelationshipCollection:307 - Parsing relationship: /xl/_rels/workbook.xml.rels
2026-04-29 22:14:52 DEBUG PackageRelationshipCollection:307 - Parsing relationship: /_rels/.rels
2026-04-29 22:14:52 DEBUG PackageRelationshipCollection:307 - Parsing relationship: /xl/_rels/workbook.xml.rels
2026-04-29 22:14:52 DEBUG PackageRelationshipCollection:307 - Parsing relationship: /_rels/.rels
2026-04-29 22:14:52 DEBUG PackageRelationshipCollection:307 - Parsing relationship: /xl/_rels/workbook.xml.rels
2026-04-29 22:14:52 DEBUG PackageRelationshipCollection:307 - Parsing relationship: /_rels/.rels
2026-04-29 22:14:52 DEBUG PackageRelationshipCollection:307 - Parsing relationship: /xl/_rels/workbook.xml.rels
2026-04-29 22:14:52 DEBUG PackageRelationshipCollection:307 - Parsing relationship: /_rels/.rels
2026-04-29 22:14:52 DEBUG PackageRelationshipCollection:307 - Parsing relationship: /xl/_rels/workbook.xml.rels
2026-04-29 22:14:52 DEBUG PackageRelationshipCollection:307 - Parsing relationship: /_rels/.rels
2026-04-29 22:14:52 DEBUG PackageRelationshipCollection:307 - Parsing relationship: /xl/_rels/workbook.xml.rels
2026-04-29 22:14:52 DEBUG PackageRelationshipCollection:307 - Parsing relationship: /_rels/.rels
2026-04-29 22:14:52 DEBUG PackageRelationshipCollection:307 - Parsing relationship: /xl/_rels/workbook.xml.rels
2026-04-29 22:14:52 DEBUG PackageRelationshipCollection:307 - Parsing relationship: /_rels/.rels
2026-04-29 22:14:52 DEBUG PackageRelationshipCollection:307 - Parsing relationship: /xl/_rels/workbook.xml.rels
2026-04-29 22:14:52 DEBUG PackageRelationshipCollection:307 - Parsing relationship: /_rels/.rels
2026-04-29 22:14:53 DEBUG PackageRelationshipCollection:307 - Parsing relationship: /xl/_rels/workbook.xml.rels
2026-04-29 22:14:53 DEBUG PackageRelationshipCollection:307 - Parsing relationship: /_rels/.rels
2026-04-29 22:14:53 DEBUG PackageRelationshipCollection:307 - Parsing relationship: /xl/_rels/workbook.xml.rels
2026-04-29 22:14:53 DEBUG PackageRelationshipCollection:307 - Parsing relationship: /_rels/.rels
2026-04-29 22:14:53 DEBUG PackageRelationshipCollection:307 - Parsing relationship: /xl/_rels/workbook.xml.rels
2026-04-29 22:14:53 DEBUG PackageRelationshipCollection:307 - Parsing relationship: /_rels/.rels
2026-04-29 22:14:53 DEBUG PackageRelationshipCollection:307 - Parsing relationship: /xl/_rels/workbook.xml.rels
2026-04-29 22:14:53 DEBUG PackageRelationshipCollection:307 - Parsing relationship: /_rels/.rels
2026-04-29 22:14:53 DEBUG PackageRelationshipCollection:307 - Parsing relationship: /xl/_rels/workbook.xml.rels
2026-04-29 22:14:53 DEBUG PackageRelationshipCollection:307 - Parsing relationship: /_rels/.rels
2026-04-29 22:14:53 INFO  UserTests:74 - ************* User is updated ***************
2026-04-29 22:14:54 INFO  UserTests:86 - ************* Deleting  User info ***************
2026-04-29 22:14:56 INFO  UserTests:92 - ************* User is deleted. ***************
2026-04-29 22:14:59 DEBUG PackageRelationshipCollection:307 - Parsing relationship: /xl/_rels/workbook.xml.rels
2026-04-29 22:14:59 DEBUG PackageRelationshipCollection:307 - Parsing relationship: /_rels/.rels
2026-04-29 22:14:59 DEBUG PackageRelationshipCollection:307 - Parsing relationship: /xl/_rels/workbook.xml.rels
2026-04-29 22:14:59 DEBUG PackageRelationshipCollection:307 - Parsing relationship: /_rels/.rels
2026-04-29 22:14:59 DEBUG PackageRelationshipCollection:307 - Parsing relationship: /xl/_rels/workbook.xml.rels
2026-04-29 22:14:59 DEBUG PackageRelationshipCollection:307 - Parsing relationship: /_rels/.rels
2026-04-29 22:14:59 DEBUG PackageRelationshipCollection:307 - Parsing relationship: /xl/_rels/workbook.xml.rels
2026-04-29 22:14:59 DEBUG PackageRelationshipCollection:307 - Parsing relationship: /_rels/.rels
2026-04-29 22:15:15 DEBUG UserTests:37 - .....Debugging........
2026-04-29 22:15:15 INFO  UserTests:44 - ************* Creating User ***************
2026-04-29 22:15:17 INFO  UserTests:47 - ************* User is created ***************
2026-04-29 22:15:17 INFO  UserTests:54 - ************* Reading User info ***************
2026-04-29 22:15:18 INFO  UserTests:58 - ************* Reading User info displayed ***************
2026-04-29 22:15:18 INFO  UserTests:66 - ************* Updating  User info ***************
2026-04-29 22:15:20 INFO  UserTests:74 - ************* User is updated ***************
2026-04-29 22:15:21 INFO  UserTests:86 - ************* Deleting  User info ***************
2026-04-29 22:15:23 INFO  UserTests:92 - ************* User is deleted. ***************
2026-04-29 22:22:36 DEBUG UserTests:37 - .....Debugging........
2026-04-29 22:22:36 INFO  UserTests:44 - ************* Creating User ***************
2026-04-29 22:22:39 INFO  UserTests:47 - ************* User is created ***************
2026-04-29 22:22:39 INFO  UserTests:54 - ************* Reading User info ***************
2026-04-29 22:22:40 INFO  UserTests:58 - ************* Reading User info displayed ***************
2026-04-29 22:22:40 INFO  UserTests:66 - ************* Updating  User info ***************
2026-04-29 22:22:42 INFO  UserTests:74 - ************* User is updated ***************
2026-04-29 22:22:43 INFO  UserTests:86 - ************* Deleting  User info ***************
2026-04-29 22:22:45 INFO  UserTests:92 - ************* User is deleted. ***************
